0 info it worked if it ends with ok
1 verbose cli [ '/usr/local/bin/node',
1 verbose cli   '/usr/local/bin/npm',
1 verbose cli   'install',
1 verbose cli   'http://mongodb.github.com/node-mongodb-native/' ]
2 info using npm@1.2.14
3 info using node@v0.10.0
4 verbose read json /home/yammywei/Desktop/WhitePaper/package.json
5 warn package.json application-name@0.0.1 No README.md file found!
6 verbose read json /home/yammywei/Desktop/WhitePaper/node_modules/MongoManager.js/package.json
7 verbose read json /home/yammywei/Desktop/WhitePaper/node_modules/ejs/package.json
8 verbose read json /home/yammywei/Desktop/WhitePaper/node_modules/express/package.json
9 verbose read json /home/yammywei/Desktop/WhitePaper/node_modules/mongodb/package.json
10 verbose read json /home/yammywei/Desktop/WhitePaper/node_modules/socket.io/package.json
11 verbose from cache /home/yammywei/Desktop/WhitePaper/package.json
12 verbose readDependencies using package.json deps
13 verbose cache add [ 'http://mongodb.github.com/node-mongodb-native/', null ]
14 verbose cache add name=undefined spec="http://mongodb.github.com/node-mongodb-native/" args=["http://mongodb.github.com/node-mongodb-native/",null]
15 verbose parsed url { protocol: 'http:',
15 verbose parsed url   slashes: true,
15 verbose parsed url   auth: null,
15 verbose parsed url   host: 'mongodb.github.com',
15 verbose parsed url   port: null,
15 verbose parsed url   hostname: 'mongodb.github.com',
15 verbose parsed url   hash: null,
15 verbose parsed url   search: null,
15 verbose parsed url   query: null,
15 verbose parsed url   pathname: '/node-mongodb-native/',
15 verbose parsed url   path: '/node-mongodb-native/',
15 verbose parsed url   href: 'http://mongodb.github.com/node-mongodb-native/' }
16 silly lockFile b7612a9e-b-github-com-node-mongodb-native http://mongodb.github.com/node-mongodb-native/
17 verbose lock http://mongodb.github.com/node-mongodb-native/ /home/yammywei/.npm/b7612a9e-b-github-com-node-mongodb-native.lock
18 verbose addRemoteTarball [ 'http://mongodb.github.com/node-mongodb-native/', null ]
19 info retry fetch attempt 1 at 23:20:03
20 verbose fetch to= /home/yammywei/tmp/npm-5219/1364829603089-0.9290204443968832/tmp.tgz
21 http GET http://mongodb.github.com/node-mongodb-native/
22 http 200 http://mongodb.github.com/node-mongodb-native/
23 verbose tar unpack /home/yammywei/tmp/npm-5219/1364829603089-0.9290204443968832/tmp.tgz
24 silly lockFile 1ef7aff3-03089-0-9290204443968832-package /home/yammywei/tmp/npm-5219/1364829603089-0.9290204443968832/package
25 verbose lock /home/yammywei/tmp/npm-5219/1364829603089-0.9290204443968832/package /home/yammywei/.npm/1ef7aff3-03089-0-9290204443968832-package.lock
26 silly lockFile d553c9b4-03089-0-9290204443968832-tmp-tgz /home/yammywei/tmp/npm-5219/1364829603089-0.9290204443968832/tmp.tgz
27 verbose lock /home/yammywei/tmp/npm-5219/1364829603089-0.9290204443968832/tmp.tgz /home/yammywei/.npm/d553c9b4-03089-0-9290204443968832-tmp-tgz.lock
28 silly gunzTarPerm modes [ '755', '644' ]
29 verbose read json /home/yammywei/tmp/npm-5219/1364829603089-0.9290204443968832/package/package.json
30 error not a package /home/yammywei/tmp/npm-5219/1364829603089-0.9290204443968832/tmp.tgz
31 silly lockFile 1ef7aff3-03089-0-9290204443968832-package /home/yammywei/tmp/npm-5219/1364829603089-0.9290204443968832/package
32 silly lockFile 1ef7aff3-03089-0-9290204443968832-package /home/yammywei/tmp/npm-5219/1364829603089-0.9290204443968832/package
33 silly lockFile d553c9b4-03089-0-9290204443968832-tmp-tgz /home/yammywei/tmp/npm-5219/1364829603089-0.9290204443968832/tmp.tgz
34 silly lockFile d553c9b4-03089-0-9290204443968832-tmp-tgz /home/yammywei/tmp/npm-5219/1364829603089-0.9290204443968832/tmp.tgz
35 silly lockFile b7612a9e-b-github-com-node-mongodb-native http://mongodb.github.com/node-mongodb-native/
36 silly lockFile b7612a9e-b-github-com-node-mongodb-native http://mongodb.github.com/node-mongodb-native/
37 error Error: ENOENT, open '/home/yammywei/tmp/npm-5219/1364829603089-0.9290204443968832/package/package.json'
38 error If you need help, you may report this log at:
38 error     <http://github.com/isaacs/npm/issues>
38 error or email it to:
38 error     <npm-@googlegroups.com>
39 error System Linux 3.5.0-26-generic
40 error command "/usr/local/bin/node" "/usr/local/bin/npm" "install" "http://mongodb.github.com/node-mongodb-native/"
41 error cwd /home/yammywei/Desktop/WhitePaper
42 error node -v v0.10.0
43 error npm -v 1.2.14
44 error path /home/yammywei/tmp/npm-5219/1364829603089-0.9290204443968832/package/package.json
45 error code ENOENT
46 error errno 34
47 verbose exit [ 34, true ]
